<<<<<<< HEAD
[20:01:00] [ServerMain/INFO]: Environment: authHost='https://authserver.mojang.com', accountsHost='https://api.mojang.com', sessionHost='https://sessionserver.mojang.com', servicesHost='https://api.minecraftservices.com', name='PROD'
[20:01:02] [ServerMain/INFO]: Loaded 7 recipes
[20:01:02] [ServerMain/INFO]: Loaded 1271 advancements
[20:01:03] [Server thread/INFO]: Starting minecraft server version 1.20.1
[20:01:03] [Server console handler/ERROR]: Exception handling console input
java.io.IOException: æ§åˆ¶ä»£ç¢¼ç„¡æ•ˆã€‚
	at java.io.FileInputStream.readBytes(Native Method) ~[?:?]
	at java.io.FileInputStream.read(FileInputStream.java:293) ~[?:?]
	at java.io.BufferedInputStream.read1(BufferedInputStream.java:311) ~[?:?]
	at java.io.BufferedInputStream.implRead(BufferedInputStream.java:386) ~[?:?]
	at java.io.BufferedInputStream.read(BufferedInputStream.java:365) ~[?:?]
	at sun.nio.cs.StreamDecoder.readBytes(StreamDecoder.java:333) ~[?:?]
	at sun.nio.cs.StreamDecoder.implRead(StreamDecoder.java:376) ~[?:?]
	at sun.nio.cs.StreamDecoder.lockedRead(StreamDecoder.java:219) ~[?:?]
	at sun.nio.cs.StreamDecoder.read(StreamDecoder.java:173) ~[?:?]
	at java.io.InputStreamReader.read(InputStreamReader.java:189) ~[?:?]
	at java.io.BufferedReader.fill(BufferedReader.java:161) ~[?:?]
	at java.io.BufferedReader.implReadLine(BufferedReader.java:371) ~[?:?]
	at java.io.BufferedReader.readLine(BufferedReader.java:348) ~[?:?]
	at java.io.BufferedReader.readLine(BufferedReader.java:437) ~[?:?]
	at ahe$1.run(SourceFile:89) ~[server-1.20.1.jar:?]
[20:01:03] [Server thread/INFO]: Loading properties
[20:01:03] [Server thread/INFO]: Default game type: SURVIVAL
[20:01:03] [Server thread/INFO]: Generating keypair
[20:01:03] [Server thread/INFO]: Starting Minecraft server on *:25565
[20:01:03] [Server thread/INFO]: Using default channel type
[20:01:03] [Server thread/INFO]: Preparing level "world"
[20:01:08] [Server thread/INFO]: Preparing start region for dimension minecraft:overworld
[20:01:09] [Worker-Main-3/INFO]: Preparing spawn area: 0%
[20:01:09] [Worker-Main-3/INFO]: Preparing spawn area: 0%
[20:01:09] [Worker-Main-4/INFO]: Preparing spawn area: 0%
[20:01:10] [Worker-Main-3/INFO]: Preparing spawn area: 0%
[20:01:10] [Worker-Main-4/INFO]: Preparing spawn area: 1%
[20:01:11] [Worker-Main-3/INFO]: Preparing spawn area: 2%
[20:01:11] [Worker-Main-4/INFO]: Preparing spawn area: 3%
[20:01:12] [Worker-Main-1/INFO]: Preparing spawn area: 4%
[20:01:12] [Worker-Main-2/INFO]: Preparing spawn area: 6%
[20:01:13] [Worker-Main-4/INFO]: Preparing spawn area: 8%
[20:01:13] [Worker-Main-1/INFO]: Preparing spawn area: 10%
[20:01:14] [Worker-Main-2/INFO]: Preparing spawn area: 12%
[20:01:14] [Worker-Main-4/INFO]: Preparing spawn area: 15%
[20:01:15] [Worker-Main-1/INFO]: Preparing spawn area: 17%
[20:01:15] [Worker-Main-5/INFO]: Preparing spawn area: 20%
[20:01:16] [Worker-Main-5/INFO]: Preparing spawn area: 23%
[20:01:16] [Worker-Main-2/INFO]: Preparing spawn area: 24%
[20:01:17] [Worker-Main-5/INFO]: Preparing spawn area: 28%
[20:01:17] [Worker-Main-3/INFO]: Preparing spawn area: 30%
[20:01:18] [Worker-Main-3/INFO]: Preparing spawn area: 33%
[20:01:18] [Worker-Main-1/INFO]: Preparing spawn area: 35%
[20:01:19] [Worker-Main-3/INFO]: Preparing spawn area: 38%
[20:01:19] [Worker-Main-2/INFO]: Preparing spawn area: 40%
[20:01:20] [Worker-Main-5/INFO]: Preparing spawn area: 42%
[20:01:20] [Worker-Main-3/INFO]: Preparing spawn area: 44%
[20:01:21] [Worker-Main-4/INFO]: Preparing spawn area: 46%
[20:01:21] [Worker-Main-5/INFO]: Preparing spawn area: 49%
[20:01:22] [Worker-Main-5/INFO]: Preparing spawn area: 50%
[20:01:22] [Worker-Main-5/INFO]: Preparing spawn area: 53%
[20:01:23] [Worker-Main-2/INFO]: Preparing spawn area: 55%
[20:01:23] [Worker-Main-3/INFO]: Preparing spawn area: 58%
[20:01:24] [Worker-Main-1/INFO]: Preparing spawn area: 61%
[20:01:24] [Worker-Main-4/INFO]: Preparing spawn area: 64%
[20:01:25] [Worker-Main-5/INFO]: Preparing spawn area: 67%
[20:01:25] [Worker-Main-5/INFO]: Preparing spawn area: 69%
[20:01:26] [Worker-Main-4/INFO]: Preparing spawn area: 71%
[20:01:26] [Worker-Main-1/INFO]: Preparing spawn area: 75%
[20:01:27] [Worker-Main-1/INFO]: Preparing spawn area: 78%
[20:01:27] [Worker-Main-5/INFO]: Preparing spawn area: 80%
[20:01:28] [Worker-Main-3/INFO]: Preparing spawn area: 83%
[20:01:28] [Worker-Main-2/INFO]: Preparing spawn area: 86%
[20:01:29] [Worker-Main-1/INFO]: Preparing spawn area: 88%
[20:01:29] [Worker-Main-3/INFO]: Preparing spawn area: 91%
[20:01:30] [Worker-Main-4/INFO]: Preparing spawn area: 94%
[20:01:30] [Worker-Main-5/INFO]: Preparing spawn area: 98%
[20:01:30] [Server thread/INFO]: Time elapsed: 22225 ms
[20:01:30] [Server thread/INFO]: Done (26.857s)! For help, type "help"
[20:01:51] [Server thread/INFO]: Stopping the server
[20:01:51] [Server thread/INFO]: Stopping server
[20:01:51] [Server thread/INFO]: Saving players
[20:01:51] [Server thread/INFO]: Saving worlds
[20:01:51] [Server thread/INFO]: Saving chunks for level 'ServerLevel[world]'/minecraft:overworld
[20:01:55] [Server thread/INFO]: Saving chunks for level 'ServerLevel[world]'/minecraft:the_nether
[20:01:55] [Server thread/INFO]: Saving chunks for level 'ServerLevel[world]'/minecraft:the_end
[20:01:55] [Server thread/INFO]: ThreadedAnvilChunkStorage (world): All chunks are saved
[20:01:55] [Server thread/INFO]: ThreadedAnvilChunkStorage (DIM-1): All chunks are saved
[20:01:55] [Server thread/INFO]: ThreadedAnvilChunkStorage (DIM1): All chunks are saved
[20:01:55] [Server thread/INFO]: ThreadedAnvilChunkStorage: All dimensions are saved
=======
[02:49:44] [ServerMain/INFO]: Environment: authHost='https://authserver.mojang.com', accountsHost='https://api.mojang.com', sessionHost='https://sessionserver.mojang.com', servicesHost='https://api.minecraftservices.com', name='PROD'
[02:49:47] [ServerMain/WARN]: Ambiguity between arguments [teleport, location] and [teleport, destination] with inputs: [0.1 -0.5 .9, 0 0 0]
[02:49:47] [ServerMain/WARN]: Ambiguity between arguments [teleport, location] and [teleport, targets] with inputs: [0.1 -0.5 .9, 0 0 0]
[02:49:47] [ServerMain/WARN]: Ambiguity between arguments [teleport, destination] and [teleport, targets] with inputs: [Player, 0123, @e, dd12be42-52a9-4a91-a8a1-11c01849e498]
[02:49:47] [ServerMain/WARN]: Ambiguity between arguments [teleport, targets] and [teleport, destination] with inputs: [Player, 0123, dd12be42-52a9-4a91-a8a1-11c01849e498]
[02:49:47] [ServerMain/WARN]: Ambiguity between arguments [teleport, targets, location] and [teleport, targets, destination] with inputs: [0.1 -0.5 .9, 0 0 0]
[02:49:48] [Worker-Main-10/INFO]: Loaded 7 recipes
[02:49:49] [Worker-Main-10/INFO]: Loaded 1141 advancements
[02:49:54] [Server thread/INFO]: Starting minecraft server version 1.18.2
[02:49:54] [Server thread/INFO]: Loading properties
[02:49:54] [Server thread/INFO]: Default game type: SURVIVAL
[02:49:54] [Server thread/INFO]: Generating keypair
[02:49:54] [Server console handler/ERROR]: Exception handling console input
java.io.IOException: ±±¨î¥N½XµL®Ä¡C
	at java.io.FileInputStream.readBytes(Native Method) ~[?:?]
	at java.io.FileInputStream.read(FileInputStream.java:276) ~[?:?]
	at java.io.BufferedInputStream.read1(BufferedInputStream.java:282) ~[?:?]
	at java.io.BufferedInputStream.read(BufferedInputStream.java:343) ~[?:?]
	at sun.nio.cs.StreamDecoder.readBytes(StreamDecoder.java:270) ~[?:?]
	at sun.nio.cs.StreamDecoder.implRead(StreamDecoder.java:313) ~[?:?]
	at sun.nio.cs.StreamDecoder.read(StreamDecoder.java:188) ~[?:?]
	at java.io.InputStreamReader.read(InputStreamReader.java:177) ~[?:?]
	at java.io.BufferedReader.fill(BufferedReader.java:162) ~[?:?]
	at java.io.BufferedReader.readLine(BufferedReader.java:329) ~[?:?]
	at java.io.BufferedReader.readLine(BufferedReader.java:396) ~[?:?]
	at acx$1.run(SourceFile:99) [server-1.18.2.jar:?]
[02:49:55] [Server thread/INFO]: Starting Minecraft server on *:25565
[02:49:55] [Server thread/INFO]: Using default channel type
[02:49:55] [Server thread/INFO]: Preparing level "world"
[02:49:55] [Server thread/INFO]: Preparing start region for dimension minecraft:overworld
[02:49:57] [Worker-Main-8/INFO]: Preparing spawn area: 0%
[02:49:57] [Worker-Main-7/INFO]: Preparing spawn area: 0%
[02:49:57] [Worker-Main-9/INFO]: Preparing spawn area: 0%
[02:49:57] [Worker-Main-8/INFO]: Preparing spawn area: 0%
[02:49:57] [Worker-Main-8/INFO]: Preparing spawn area: 0%
[02:49:58] [Worker-Main-8/INFO]: Preparing spawn area: 0%
[02:49:58] [Worker-Main-7/INFO]: Preparing spawn area: 1%
[02:49:59] [Worker-Main-8/INFO]: Preparing spawn area: 5%
[02:49:59] [Worker-Main-9/INFO]: Preparing spawn area: 14%
[02:50:00] [Worker-Main-9/INFO]: Preparing spawn area: 23%
[02:50:01] [Worker-Main-6/INFO]: Preparing spawn area: 50%
[02:50:01] [Worker-Main-9/INFO]: Preparing spawn area: 97%
[02:50:01] [Server thread/INFO]: Time elapsed: 5661 ms
[02:50:01] [Server thread/INFO]: Done (5.844s)! For help, type "help"
[02:50:31] [Server thread/INFO]: Stopping the server
[02:50:31] [Server thread/INFO]: Stopping server
[02:50:31] [Server thread/INFO]: Saving players
[02:50:31] [Server thread/INFO]: Saving worlds
[02:50:32] [Server thread/INFO]: Saving chunks for level 'ServerLevel[world]'/minecraft:overworld
[02:50:32] [Server thread/INFO]: Saving chunks for level 'ServerLevel[world]'/minecraft:the_nether
[02:50:32] [Server thread/INFO]: Saving chunks for level 'ServerLevel[world]'/minecraft:the_end
[02:50:32] [Server thread/INFO]: ThreadedAnvilChunkStorage (world): All chunks are saved
[02:50:32] [Server thread/INFO]: ThreadedAnvilChunkStorage (DIM-1): All chunks are saved
[02:50:32] [Server thread/INFO]: ThreadedAnvilChunkStorage (DIM1): All chunks are saved
[02:50:32] [Server thread/INFO]: ThreadedAnvilChunkStorage: All dimensions are saved
>>>>>>> main
